Jul 11, 2013 3:52:42 PM org.apache.catalina.core.ApplicationContext log
INFO: Initializing Spring FrameworkServlet 'bbspring'
Jul 11, 2013 3:53:01 PM org.apache.catalina.core.ApplicationContext log
INFO: ContextListener: contextInitialized()
Jul 11, 2013 3:53:01 PM org.apache.catalina.core.ApplicationContext log
INFO: SessionListener: contextInitialized()
Jul 11, 2013 4:40:16 PM org.apache.catalina.core.ApplicationContext log
INFO: Destroying Spring FrameworkServlet 'bbspring'
Jul 11, 2013 4:40:16 PM org.apache.catalina.core.ApplicationContext log
INFO: SessionListener: contextDestroyed()
Jul 11, 2013 4:40:16 PM org.apache.catalina.core.ApplicationContext log
INFO: ContextListener: contextDestroyed()
Jul 11, 2013 4:40:18 PM org.apache.catalina.core.ApplicationContext log
INFO: Initializing Spring FrameworkServlet 'bbspring'
Jul 11, 2013 4:40:37 PM org.apache.catalina.core.ApplicationContext log
INFO: ContextListener: contextInitialized()
Jul 11, 2013 4:40:37 PM org.apache.catalina.core.ApplicationContext log
INFO: SessionListener: contextInitialized()
Jul 11, 2013 4:44:08 PM org.apache.catalina.core.ApplicationContext log
INFO: Destroying Spring FrameworkServlet 'bbspring'
Jul 11, 2013 4:44:09 PM org.apache.catalina.core.ApplicationContext log
INFO: SessionListener: contextDestroyed()
Jul 11, 2013 4:44:09 PM org.apache.catalina.core.ApplicationContext log
INFO: ContextListener: contextDestroyed()
Jul 11, 2013 4:44:10 PM org.apache.catalina.core.ApplicationContext log
INFO: Initializing Spring FrameworkServlet 'bbspring'
Jul 11, 2013 4:44:28 PM org.apache.catalina.core.ApplicationContext log
INFO: ContextListener: contextInitialized()
Jul 11, 2013 4:44:28 PM org.apache.catalina.core.ApplicationContext log
INFO: SessionListener: contextInitialized()
Jul 11, 2013 4:48:34 PM org.apache.catalina.core.ApplicationContext log
INFO: Destroying Spring FrameworkServlet 'bbspring'
Jul 11, 2013 4:48:34 PM org.apache.catalina.core.ApplicationContext log
INFO: SessionListener: contextDestroyed()
Jul 11, 2013 4:48:34 PM org.apache.catalina.core.ApplicationContext log
INFO: ContextListener: contextDestroyed()
Jul 11, 2013 4:48:35 PM org.apache.catalina.core.ApplicationContext log
INFO: Initializing Spring FrameworkServlet 'bbspring'
Jul 11, 2013 4:48:54 PM org.apache.catalina.core.ApplicationContext log
INFO: ContextListener: contextInitialized()
Jul 11, 2013 4:48:54 PM org.apache.catalina.core.ApplicationContext log
INFO: SessionListener: contextInitialized()
Jul 11, 2013 4:52:55 PM org.apache.catalina.core.ApplicationContext log
INFO: Destroying Spring FrameworkServlet 'bbspring'
Jul 11, 2013 4:52:56 PM org.apache.catalina.core.ApplicationContext log
INFO: SessionListener: contextDestroyed()
Jul 11, 2013 4:52:56 PM org.apache.catalina.core.ApplicationContext log
INFO: ContextListener: contextDestroyed()
Jul 11, 2013 4:52:57 PM org.apache.catalina.core.ApplicationContext log
INFO: Initializing Spring FrameworkServlet 'bbspring'
Jul 11, 2013 4:53:16 PM org.apache.catalina.core.ApplicationContext log
INFO: ContextListener: contextInitialized()
Jul 11, 2013 4:53:16 PM org.apache.catalina.core.ApplicationContext log
INFO: SessionListener: contextInitialized()
Jul 11, 2013 4:55:49 PM org.apache.catalina.core.ApplicationContext log
INFO: Destroying Spring FrameworkServlet 'bbspring'
Jul 11, 2013 4:55:50 PM org.apache.catalina.core.ApplicationContext log
INFO: SessionListener: contextDestroyed()
Jul 11, 2013 4:55:50 PM org.apache.catalina.core.ApplicationContext log
INFO: ContextListener: contextDestroyed()
Jul 11, 2013 4:55:51 PM org.apache.catalina.core.ApplicationContext log
INFO: Initializing Spring FrameworkServlet 'bbspring'
Jul 11, 2013 4:56:10 PM org.apache.catalina.core.ApplicationContext log
INFO: ContextListener: contextInitialized()
Jul 11, 2013 4:56:10 PM org.apache.catalina.core.ApplicationContext log
INFO: SessionListener: contextInitialized()
Jul 11, 2013 4:58:29 PM org.apache.catalina.core.ApplicationContext log
INFO: Destroying Spring FrameworkServlet 'bbspring'
Jul 11, 2013 4:58:29 PM org.apache.catalina.core.ApplicationContext log
INFO: SessionListener: contextDestroyed()
Jul 11, 2013 4:58:29 PM org.apache.catalina.core.ApplicationContext log
INFO: ContextListener: contextDestroyed()
Jul 11, 2013 4:58:38 PM org.apache.catalina.core.ApplicationContext log
INFO: Initializing Spring FrameworkServlet 'bbspring'
Jul 11, 2013 4:58:57 PM org.apache.catalina.core.ApplicationContext log
INFO: ContextListener: contextInitialized()
Jul 11, 2013 4:58:57 PM org.apache.catalina.core.ApplicationContext log
INFO: SessionListener: contextInitialized()
Jul 11, 2013 5:02:03 PM org.apache.catalina.core.ApplicationContext log
INFO: Destroying Spring FrameworkServlet 'bbspring'
Jul 11, 2013 5:02:03 PM org.apache.catalina.core.ApplicationContext log
INFO: SessionListener: contextDestroyed()
Jul 11, 2013 5:02:03 PM org.apache.catalina.core.ApplicationContext log
INFO: ContextListener: contextDestroyed()
Jul 11, 2013 5:02:06 PM org.apache.catalina.core.ApplicationContext log
INFO: Initializing Spring FrameworkServlet 'bbspring'
Jul 11, 2013 5:02:25 PM org.apache.catalina.core.ApplicationContext log
INFO: ContextListener: contextInitialized()
Jul 11, 2013 5:02:25 PM org.apache.catalina.core.ApplicationContext log
INFO: SessionListener: contextInitialized()
Jul 11, 2013 5:05:32 PM org.apache.catalina.core.ApplicationContext log
INFO: Destroying Spring FrameworkServlet 'bbspring'
Jul 11, 2013 5:05:32 PM org.apache.catalina.core.ApplicationContext log
INFO: SessionListener: contextDestroyed()
Jul 11, 2013 5:05:32 PM org.apache.catalina.core.ApplicationContext log
INFO: ContextListener: contextDestroyed()
Jul 11, 2013 5:05:33 PM org.apache.catalina.core.ApplicationContext log
INFO: Initializing Spring FrameworkServlet 'bbspring'
Jul 11, 2013 5:05:52 PM org.apache.catalina.core.ApplicationContext log
INFO: ContextListener: contextInitialized()
Jul 11, 2013 5:05:52 PM org.apache.catalina.core.ApplicationContext log
INFO: SessionListener: contextInitialized()
Jul 11, 2013 5:07:48 PM org.apache.catalina.core.ApplicationContext log
INFO: Destroying Spring FrameworkServlet 'bbspring'
Jul 11, 2013 5:07:48 PM org.apache.catalina.core.ApplicationContext log
INFO: SessionListener: contextDestroyed()
Jul 11, 2013 5:07:48 PM org.apache.catalina.core.ApplicationContext log
INFO: ContextListener: contextDestroyed()
Jul 11, 2013 5:07:53 PM org.apache.catalina.core.ApplicationContext log
INFO: Initializing Spring FrameworkServlet 'bbspring'
Jul 11, 2013 5:08:12 PM org.apache.catalina.core.ApplicationContext log
INFO: ContextListener: contextInitialized()
Jul 11, 2013 5:08:12 PM org.apache.catalina.core.ApplicationContext log
INFO: SessionListener: contextInitialized()
Jul 11, 2013 5:12:41 PM org.apache.catalina.core.ApplicationContext log
INFO: Destroying Spring FrameworkServlet 'bbspring'
Jul 11, 2013 5:12:41 PM org.apache.catalina.core.ApplicationContext log
INFO: SessionListener: contextDestroyed()
Jul 11, 2013 5:12:41 PM org.apache.catalina.core.ApplicationContext log
INFO: ContextListener: contextDestroyed()
Jul 11, 2013 5:12:43 PM org.apache.catalina.core.ApplicationContext log
INFO: Initializing Spring FrameworkServlet 'bbspring'
Jul 11, 2013 5:13:01 PM org.apache.catalina.core.ApplicationContext log
INFO: ContextListener: contextInitialized()
Jul 11, 2013 5:13:01 PM org.apache.catalina.core.ApplicationContext log
INFO: SessionListener: contextInitialized()
Jul 11, 2013 5:17:24 PM org.apache.catalina.core.ApplicationContext log
INFO: Destroying Spring FrameworkServlet 'bbspring'
Jul 11, 2013 5:17:24 PM org.apache.catalina.core.ApplicationContext log
INFO: SessionListener: contextDestroyed()
Jul 11, 2013 5:17:24 PM org.apache.catalina.core.ApplicationContext log
INFO: ContextListener: contextDestroyed()
Jul 11, 2013 5:17:25 PM org.apache.catalina.core.ApplicationContext log
INFO: Initializing Spring FrameworkServlet 'bbspring'
Jul 11, 2013 5:17:44 PM org.apache.catalina.core.ApplicationContext log
INFO: ContextListener: contextInitialized()
Jul 11, 2013 5:17:44 PM org.apache.catalina.core.ApplicationContext log
INFO: SessionListener: contextInitialized()
Jul 11, 2013 5:38:33 PM org.apache.catalina.core.ApplicationContext log
INFO: Destroying Spring FrameworkServlet 'bbspring'
Jul 11, 2013 5:38:33 PM org.apache.catalina.core.ApplicationContext log
INFO: SessionListener: contextDestroyed()
Jul 11, 2013 5:38:33 PM org.apache.catalina.core.ApplicationContext log
INFO: ContextListener: contextDestroyed()
Jul 11, 2013 5:38:34 PM org.apache.catalina.core.ApplicationContext log
INFO: Initializing Spring FrameworkServlet 'bbspring'
Jul 11, 2013 5:38:53 PM org.apache.catalina.core.ApplicationContext log
INFO: ContextListener: contextInitialized()
Jul 11, 2013 5:38:53 PM org.apache.catalina.core.ApplicationContext log
INFO: SessionListener: contextInitialized()
